<?xml version="1.0" encoding="UTF-8"?>
<testng-results ignored="0" total="1" passed="1" failed="0" skipped="0">
  <reporter-output>
  </reporter-output>
  <suite started-at="2024-03-11T18:54:49 IST" name="Default suite" finished-at="2024-03-11T18:55:16 IST" duration-ms="26840">
    <groups>
    </groups>
    <test started-at="2024-03-11T18:54:49 IST" name="Default test" finished-at="2024-03-11T18:55:16 IST" duration-ms="26840">
      <class name="Test1_UITesting.UiTesting_Link1">
        <test-method is-config="true" signature="Setup()[pri:0, instance:Test1_UITesting.UiTesting_Link1@1bd4fdd]" started-at="2024-03-11T18:54:49 IST" name="Setup" finished-at="2024-03-11T18:54:57 IST" duration-ms="7398" status="PASS">
          <reporter-output>
          </reporter-output>
        </test-method> <!-- Setup -->
        <test-method signature="Resolution_1920_1080()[pri:1, instance:Test1_UITesting.UiTesting_Link1@1bd4fdd]" started-at="2024-03-11T18:54:57 IST" name="Resolution_1920_1080" finished-at="2024-03-11T18:55:15 IST" duration-ms="17988" status="PASS">
          <reporter-output>
          </reporter-output>
        </test-method> <!-- Resolution_1920_1080 -->
        <test-method is-config="true" signature="TearDown()[pri:0, instance:Test1_UITesting.UiTesting_Link1@1bd4fdd]" started-at="2024-03-11T18:55:15 IST" name="TearDown" finished-at="2024-03-11T18:55:16 IST" duration-ms="1401" status="PASS">
          <reporter-output>
          </reporter-output>
        </test-method> <!-- TearDown -->
      </class> <!-- Test1_UITesting.UiTesting_Link1 -->
    </test> <!-- Default test -->
  </suite> <!-- Default suite -->
</testng-results>
