<?xml version="1.0" encoding="UTF-8"?>
<!-- Generated by org.testng.reporters.JUnitXMLReporter -->
<testsuite ignored="5" hostname="DESKTOP-2MN0VGI" failures="0" tests="1" name="Default test" time="26.84" errors="0" timestamp="2024-03-11T18:55:16 IST">
  <testcase classname="Test1_UITesting.UiTesting_Link1" name="Resolution_1920_1080" time="17.988"/>
  <testcase classname="Test1_UITesting.UiTesting_Link1" name="Resolution_1536_864" time="0.0">
    <ignored/>
  </testcase> <!-- Resolution_1536_864 -->
  <testcase classname="Test1_UITesting.UiTesting_Link1" name="Resolution_360_640" time="0.0">
    <ignored/>
  </testcase> <!-- Resolution_360_640 -->
  <testcase classname="Test1_UITesting.UiTesting_Link1" name="Resolution_414_896" time="0.0">
    <ignored/>
  </testcase> <!-- Resolution_414_896 -->
  <testcase classname="Test1_UITesting.UiTesting_Link1" name="Resolution_375_667" time="0.0">
    <ignored/>
  </testcase> <!-- Resolution_375_667 -->
  <testcase classname="Test1_UITesting.UiTesting_Link1" name="Resolution_1366_768" time="0.0">
    <ignored/>
  </testcase> <!-- Resolution_1366_768 -->
</testsuite> <!-- Default test -->
